2022-07-23 12:18:03.315  INFO 937 --- [restartedMain] com.acoustic.AnnualGrossApplication      : Starting AnnualGrossApplication using Java 11.0.15 on Giuseppes-MBP with PID 937 (/Users/giuseppetumminello/Desktop/JavaTraining/RabbitMq-Microservices/AnnualGross/build/classes/java/main started by giuseppetumminello in /Users/giuseppetumminello/Desktop/JavaTraining/RabbitMq-Microservices)
2022-07-23 12:18:03.316  INFO 937 --- [restartedMain] com.acoustic.AnnualGrossApplication      : No active profile set, falling back to 1 default profile: "default"
2022-07-23 12:18:03.349  INFO 937 --- [restartedMain] .e.DevToolsPropertyDefaultsPostProcessor : Devtools property defaults active! Set 'spring.devtools.add-properties' to 'false' to disable
2022-07-23 12:18:03.349  INFO 937 --- [restartedMain] .e.DevToolsPropertyDefaultsPostProcessor : For additional web related logging consider setting the 'logging.level.web' property to 'DEBUG'
2022-07-23 12:18:04.158  INFO 937 --- [restartedMain] .s.d.r.c.RepositoryConfigurationDelegate : Bootstrapping Spring Data JPA repositories in DEFAULT mode.
2022-07-23 12:18:04.208  INFO 937 --- [restartedMain] .s.d.r.c.RepositoryConfigurationDelegate : Finished Spring Data repository scanning in 43 ms. Found 1 JPA repository interfaces.
2022-07-23 12:18:04.403  INFO 937 --- [restartedMain] o.s.cloud.context.scope.GenericScope     : BeanFactory id=320e9f03-26d7-349f-a1ad-de1026757b51
2022-07-23 12:18:04.553  INFO 937 --- [restartedMain] trationDelegate$BeanPostProcessorChecker : Bean 'org.springframework.cloud.client.loadbalancer.reactive.LoadBalancerBeanPostProcessorAutoConfiguration' of type [org.springframework.cloud.client.loadbalancer.reactive.LoadBalancerBeanPostProcessorAutoConfiguration] is not eligible for getting processed by all BeanPostProcessors (for example: not eligible for auto-proxying)
2022-07-23 12:18:04.554  INFO 937 --- [restartedMain] trationDelegate$BeanPostProcessorChecker : Bean 'org.springframework.cloud.client.loadbalancer.reactive.LoadBalancerBeanPostProcessorAutoConfiguration$ReactorDeferringLoadBalancerFilterConfig' of type [org.springframework.cloud.client.loadbalancer.reactive.LoadBalancerBeanPostProcessorAutoConfiguration$ReactorDeferringLoadBalancerFilterConfig] is not eligible for getting processed by all BeanPostProcessors (for example: not eligible for auto-proxying)
2022-07-23 12:18:04.555  INFO 937 --- [restartedMain] trationDelegate$BeanPostProcessorChecker : Bean 'reactorDeferringLoadBalancerExchangeFilterFunction' of type [org.springframework.cloud.client.loadbalancer.reactive.DeferringLoadBalancerExchangeFilterFunction] is not eligible for getting processed by all BeanPostProcessors (for example: not eligible for auto-proxying)
2022-07-23 12:18:04.870  INFO 937 --- [restartedMain] o.s.b.w.embedded.tomcat.TomcatWebServer  : Tomcat initialized with port(s): 8091 (http)
2022-07-23 12:18:04.875  INFO 937 --- [restartedMain] o.apache.catalina.core.StandardService   : Starting service [Tomcat]
2022-07-23 12:18:04.876  INFO 937 --- [restartedMain] org.apache.catalina.core.StandardEngine  : Starting Servlet engine: [Apache Tomcat/9.0.64]
2022-07-23 12:18:04.941  INFO 937 --- [restartedMain] o.a.c.c.C.[Tomcat].[localhost].[/]       : Initializing Spring embedded WebApplicationContext
2022-07-23 12:18:04.942  INFO 937 --- [restartedMain] w.s.c.ServletWebServerApplicationContext : Root WebApplicationContext: initialization completed in 1591 ms
2022-07-23 12:18:05.027  INFO 937 --- [restartedMain] com.zaxxer.hikari.HikariDataSource       : HikariPool-1 - Starting...
2022-07-23 12:18:05.135  INFO 937 --- [restartedMain] com.zaxxer.hikari.HikariDataSource       : HikariPool-1 - Start completed.
2022-07-23 12:18:05.143  INFO 937 --- [restartedMain] o.s.b.a.h2.H2ConsoleAutoConfiguration    : H2 console available at '/h2-console'. Database available at 'jdbc:postgresql://192.168.99.105:5432/'
2022-07-23 12:18:05.244  INFO 937 --- [restartedMain] o.hibernate.jpa.internal.util.LogHelper  : HHH000204: Processing PersistenceUnitInfo [name: default]
2022-07-23 12:18:05.275  INFO 937 --- [restartedMain] org.hibernate.Version                    : HHH000412: Hibernate ORM core version 5.6.9.Final
2022-07-23 12:18:05.392  INFO 937 --- [restartedMain] o.hibernate.annotations.common.Version   : HCANN000001: Hibernate Commons Annotations {5.1.2.Final}
2022-07-23 12:18:05.460  INFO 937 --- [restartedMain] org.hibernate.dialect.Dialect            : HHH000400: Using dialect: org.hibernate.dialect.PostgreSQL10Dialect
2022-07-23 12:18:05.854  INFO 937 --- [restartedMain] o.h.e.t.j.p.i.JtaPlatformInitiator       : HHH000490: Using JtaPlatform implementation: [org.hibernate.engine.transaction.jta.platform.internal.NoJtaPlatform]
2022-07-23 12:18:05.860  INFO 937 --- [restartedMain] j.LocalContainerEntityManagerFactoryBean : Initialized JPA EntityManagerFactory for persistence unit 'default'
2022-07-23 12:18:06.305  WARN 937 --- [restartedMain] JpaBaseConfiguration$JpaWebConfiguration : spring.jpa.open-in-view is enabled by default. Therefore, database queries may be performed during view rendering. Explicitly configure spring.jpa.open-in-view to disable this warning
2022-07-23 12:18:07.013  WARN 937 --- [restartedMain] o.s.b.d.a.OptionalLiveReloadServer       : Unable to start LiveReload server
2022-07-23 12:18:07.023  INFO 937 --- [restartedMain] DiscoveryClientOptionalArgsConfiguration : Eureka HTTP Client uses RestTemplate.
2022-07-23 12:18:07.075  WARN 937 --- [restartedMain] iguration$LoadBalancerCaffeineWarnLogger : Spring Cloud LoadBalancer is currently working with the default cache. While this cache implementation is useful for development and tests, it's recommended to use Caffeine cache in production.You can switch to using Caffeine cache, by adding it and org.springframework.cache.caffeine.CaffeineCacheManager to the classpath.
2022-07-23 12:18:07.078  INFO 937 --- [restartedMain] o.s.b.a.e.web.EndpointLinksResolver      : Exposing 17 endpoint(s) beneath base path '/annual-gross/actuator'
2022-07-23 12:18:07.180  INFO 937 --- [restartedMain] o.s.c.n.eureka.InstanceInfoFactory       : Setting initial instance status as: STARTING
2022-07-23 12:18:07.205  INFO 937 --- [restartedMain] com.netflix.discovery.DiscoveryClient    : Initializing Eureka in region us-east-1
2022-07-23 12:18:07.208  INFO 937 --- [restartedMain] c.n.d.s.r.aws.ConfigClusterResolver      : Resolving eureka endpoints via configuration
2022-07-23 12:18:07.224  INFO 937 --- [restartedMain] com.netflix.discovery.DiscoveryClient    : Disable delta property : false
2022-07-23 12:18:07.225  INFO 937 --- [restartedMain] com.netflix.discovery.DiscoveryClient    : Single vip registry refresh property : null
2022-07-23 12:18:07.225  INFO 937 --- [restartedMain] com.netflix.discovery.DiscoveryClient    : Force full registry fetch : false
2022-07-23 12:18:07.225  INFO 937 --- [restartedMain] com.netflix.discovery.DiscoveryClient    : Application is null : false
2022-07-23 12:18:07.225  INFO 937 --- [restartedMain] com.netflix.discovery.DiscoveryClient    : Registered Applications size is zero : true
2022-07-23 12:18:07.225  INFO 937 --- [restartedMain] com.netflix.discovery.DiscoveryClient    : Application version is -1: true
2022-07-23 12:18:07.225  INFO 937 --- [restartedMain] com.netflix.discovery.DiscoveryClient    : Getting all instance registry info from the eureka server
2022-07-23 12:18:07.409  INFO 937 --- [restartedMain] com.netflix.discovery.DiscoveryClient    : The response status is 200
2022-07-23 12:18:07.411  INFO 937 --- [restartedMain] com.netflix.discovery.DiscoveryClient    : Starting heartbeat executor: renew interval is: 30
2022-07-23 12:18:07.413  INFO 937 --- [restartedMain] c.n.discovery.InstanceInfoReplicator     : InstanceInfoReplicator onDemand update allowed rate per min is 4
2022-07-23 12:18:07.416  INFO 937 --- [restartedMain] com.netflix.discovery.DiscoveryClient    : Discovery Client initialized at timestamp 1658571487416 with initial instances count: 3
2022-07-23 12:18:07.418  INFO 937 --- [restartedMain] o.s.c.n.e.s.EurekaServiceRegistry        : Registering application ANNUAL-GROSS with eureka with status UP
2022-07-23 12:18:07.418  INFO 937 --- [restartedMain] com.netflix.discovery.DiscoveryClient    : Saw local status change event StatusChangeEvent [timestamp=1658571487418, current=UP, previous=STARTING]
2022-07-23 12:18:07.419  INFO 937 --- [DiscoveryClient-InstanceInfoReplicator-0] com.netflix.discovery.DiscoveryClient    : DiscoveryClient_ANNUAL-GROSS/giuseppes-mbp:annual-gross:8091: registering service...
2022-07-23 12:18:07.443  INFO 937 --- [restartedMain] o.s.b.w.embedded.tomcat.TomcatWebServer  : Tomcat started on port(s): 8091 (http) with context path ''
2022-07-23 12:18:07.443  INFO 937 --- [restartedMain] .s.c.n.e.s.EurekaAutoServiceRegistration : Updating port to 8091
2022-07-23 12:18:07.447  INFO 937 --- [restartedMain] o.s.a.r.c.CachingConnectionFactory       : Attempting to connect to: [192.168.99.105:5672]
2022-07-23 12:18:07.450  INFO 937 --- [DiscoveryClient-InstanceInfoReplicator-0] com.netflix.discovery.DiscoveryClient    : DiscoveryClient_ANNUAL-GROSS/giuseppes-mbp:annual-gross:8091 - registration status: 204
2022-07-23 12:18:07.469  INFO 937 --- [restartedMain] o.s.a.r.c.CachingConnectionFactory       : Created new connection: rabbitConnectionFactory#11334c13:0/SimpleConnection@243552ab [delegate=amqp://guest@192.168.99.105:5672/, localPort= 49642]
2022-07-23 12:18:07.522  INFO 937 --- [restartedMain] com.acoustic.AnnualGrossApplication      : Started AnnualGrossApplication in 4.515 seconds (JVM running for 5.084)
2022-07-23 12:18:07.757  INFO 937 --- [RMI TCP Connection(2)-192.168.100.158] o.a.c.c.C.[Tomcat].[localhost].[/]       : Initializing Spring DispatcherServlet 'dispatcherServlet'
2022-07-23 12:18:07.757  INFO 937 --- [RMI TCP Connection(2)-192.168.100.158] o.s.web.servlet.DispatcherServlet        : Initializing Servlet 'dispatcherServlet'
2022-07-23 12:18:07.759  INFO 937 --- [RMI TCP Connection(2)-192.168.100.158] o.s.web.servlet.DispatcherServlet        : Completed initialization in 2 ms
2022-07-23 12:23:07.217  INFO 937 --- [AsyncResolver-bootstrap-executor-0] c.n.d.s.r.aws.ConfigClusterResolver      : Resolving eureka endpoints via configuration
