2022-07-23 17:17:07.806  INFO 1342 --- [restartedMain] .SalaryCalculatorOrchestratorApplication : Starting SalaryCalculatorOrchestratorApplication using Java 11.0.15 on Giuseppes-MBP with PID 1342 (/Users/giuseppetumminello/Desktop/JavaTraining/RabbitMq-Microservices/SalaryCalculator-orchestrator/build/classes/java/main started by giuseppetumminello in /Users/giuseppetumminello/Desktop/JavaTraining/RabbitMq-Microservices)
2022-07-23 17:17:07.808  INFO 1342 --- [restartedMain] .SalaryCalculatorOrchestratorApplication : No active profile set, falling back to 1 default profile: "default"
2022-07-23 17:17:07.839  INFO 1342 --- [restartedMain] .e.DevToolsPropertyDefaultsPostProcessor : Devtools property defaults active! Set 'spring.devtools.add-properties' to 'false' to disable
2022-07-23 17:17:07.840  INFO 1342 --- [restartedMain] .e.DevToolsPropertyDefaultsPostProcessor : For additional web related logging consider setting the 'logging.level.web' property to 'DEBUG'
2022-07-23 17:17:08.731  INFO 1342 --- [restartedMain] .s.d.r.c.RepositoryConfigurationDelegate : Bootstrapping Spring Data JPA repositories in DEFAULT mode.
2022-07-23 17:17:08.781  INFO 1342 --- [restartedMain] .s.d.r.c.RepositoryConfigurationDelegate : Finished Spring Data repository scanning in 44 ms. Found 2 JPA repository interfaces.
2022-07-23 17:17:09.090  INFO 1342 --- [restartedMain] o.s.cloud.context.scope.GenericScope     : BeanFactory id=158c2991-3ae9-3788-9718-9d456d5e9014
2022-07-23 17:17:09.264  INFO 1342 --- [restartedMain] trationDelegate$BeanPostProcessorChecker : Bean 'org.springframework.cloud.client.loadbalancer.reactive.LoadBalancerBeanPostProcessorAutoConfiguration' of type [org.springframework.cloud.client.loadbalancer.reactive.LoadBalancerBeanPostProcessorAutoConfiguration] is not eligible for getting processed by all BeanPostProcessors (for example: not eligible for auto-proxying)
2022-07-23 17:17:09.266  INFO 1342 --- [restartedMain] trationDelegate$BeanPostProcessorChecker : Bean 'org.springframework.cloud.client.loadbalancer.reactive.LoadBalancerBeanPostProcessorAutoConfiguration$ReactorDeferringLoadBalancerFilterConfig' of type [org.springframework.cloud.client.loadbalancer.reactive.LoadBalancerBeanPostProcessorAutoConfiguration$ReactorDeferringLoadBalancerFilterConfig] is not eligible for getting processed by all BeanPostProcessors (for example: not eligible for auto-proxying)
2022-07-23 17:17:09.268  INFO 1342 --- [restartedMain] trationDelegate$BeanPostProcessorChecker : Bean 'reactorDeferringLoadBalancerExchangeFilterFunction' of type [org.springframework.cloud.client.loadbalancer.reactive.DeferringLoadBalancerExchangeFilterFunction] is not eligible for getting processed by all BeanPostProcessors (for example: not eligible for auto-proxying)
2022-07-23 17:17:09.663  INFO 1342 --- [restartedMain] o.s.b.w.embedded.tomcat.TomcatWebServer  : Tomcat initialized with port(s): 8096 (http)
2022-07-23 17:17:09.671  INFO 1342 --- [restartedMain] o.apache.catalina.core.StandardService   : Starting service [Tomcat]
2022-07-23 17:17:09.671  INFO 1342 --- [restartedMain] org.apache.catalina.core.StandardEngine  : Starting Servlet engine: [Apache Tomcat/9.0.64]
2022-07-23 17:17:09.754  INFO 1342 --- [restartedMain] o.a.c.c.C.[Tomcat].[localhost].[/]       : Initializing Spring embedded WebApplicationContext
2022-07-23 17:17:09.755  INFO 1342 --- [restartedMain] w.s.c.ServletWebServerApplicationContext : Root WebApplicationContext: initialization completed in 1915 ms
2022-07-23 17:17:09.843  INFO 1342 --- [restartedMain] com.zaxxer.hikari.HikariDataSource       : HikariPool-1 - Starting...
2022-07-23 17:17:09.987  INFO 1342 --- [restartedMain] com.zaxxer.hikari.HikariDataSource       : HikariPool-1 - Start completed.
2022-07-23 17:17:09.995  INFO 1342 --- [restartedMain] o.s.b.a.h2.H2ConsoleAutoConfiguration    : H2 console available at '/h2-console'. Database available at 'jdbc:postgresql://192.168.99.105:5432/'
2022-07-23 17:17:10.093  INFO 1342 --- [restartedMain] o.hibernate.jpa.internal.util.LogHelper  : HHH000204: Processing PersistenceUnitInfo [name: default]
2022-07-23 17:17:10.122  INFO 1342 --- [restartedMain] org.hibernate.Version                    : HHH000412: Hibernate ORM core version 5.6.9.Final
2022-07-23 17:17:10.220  INFO 1342 --- [restartedMain] o.hibernate.annotations.common.Version   : HCANN000001: Hibernate Commons Annotations {5.1.2.Final}
2022-07-23 17:17:10.293  INFO 1342 --- [restartedMain] org.hibernate.dialect.Dialect            : HHH000400: Using dialect: org.hibernate.dialect.PostgreSQL10Dialect
2022-07-23 17:17:10.767  INFO 1342 --- [restartedMain] o.h.e.t.j.p.i.JtaPlatformInitiator       : HHH000490: Using JtaPlatform implementation: [org.hibernate.engine.transaction.jta.platform.internal.NoJtaPlatform]
2022-07-23 17:17:10.773  INFO 1342 --- [restartedMain] j.LocalContainerEntityManagerFactoryBean : Initialized JPA EntityManagerFactory for persistence unit 'default'
2022-07-23 17:17:11.270  WARN 1342 --- [restartedMain] JpaBaseConfiguration$JpaWebConfiguration : spring.jpa.open-in-view is enabled by default. Therefore, database queries may be performed during view rendering. Explicitly configure spring.jpa.open-in-view to disable this warning
2022-07-23 17:17:11.978  WARN 1342 --- [restartedMain] o.s.b.d.a.OptionalLiveReloadServer       : Unable to start LiveReload server
2022-07-23 17:17:11.988  INFO 1342 --- [restartedMain] DiscoveryClientOptionalArgsConfiguration : Eureka HTTP Client uses RestTemplate.
2022-07-23 17:17:12.042  WARN 1342 --- [restartedMain] iguration$LoadBalancerCaffeineWarnLogger : Spring Cloud LoadBalancer is currently working with the default cache. While this cache implementation is useful for development and tests, it's recommended to use Caffeine cache in production.You can switch to using Caffeine cache, by adding it and org.springframework.cache.caffeine.CaffeineCacheManager to the classpath.
2022-07-23 17:17:12.046  INFO 1342 --- [restartedMain] o.s.b.a.e.web.EndpointLinksResolver      : Exposing 17 endpoint(s) beneath base path '/salary-calculations/actuator'
2022-07-23 17:17:12.160  INFO 1342 --- [restartedMain] o.s.c.n.eureka.InstanceInfoFactory       : Setting initial instance status as: STARTING
2022-07-23 17:17:12.185  INFO 1342 --- [restartedMain] com.netflix.discovery.DiscoveryClient    : Initializing Eureka in region us-east-1
2022-07-23 17:17:12.189  INFO 1342 --- [restartedMain] c.n.d.s.r.aws.ConfigClusterResolver      : Resolving eureka endpoints via configuration
2022-07-23 17:17:12.205  INFO 1342 --- [restartedMain] com.netflix.discovery.DiscoveryClient    : Disable delta property : false
2022-07-23 17:17:12.205  INFO 1342 --- [restartedMain] com.netflix.discovery.DiscoveryClient    : Single vip registry refresh property : null
2022-07-23 17:17:12.205  INFO 1342 --- [restartedMain] com.netflix.discovery.DiscoveryClient    : Force full registry fetch : false
2022-07-23 17:17:12.205  INFO 1342 --- [restartedMain] com.netflix.discovery.DiscoveryClient    : Application is null : false
2022-07-23 17:17:12.205  INFO 1342 --- [restartedMain] com.netflix.discovery.DiscoveryClient    : Registered Applications size is zero : true
2022-07-23 17:17:12.206  INFO 1342 --- [restartedMain] com.netflix.discovery.DiscoveryClient    : Application version is -1: true
2022-07-23 17:17:12.206  INFO 1342 --- [restartedMain] com.netflix.discovery.DiscoveryClient    : Getting all instance registry info from the eureka server
2022-07-23 17:17:12.381  INFO 1342 --- [restartedMain] com.netflix.discovery.DiscoveryClient    : The response status is 200
2022-07-23 17:17:12.383  INFO 1342 --- [restartedMain] com.netflix.discovery.DiscoveryClient    : Starting heartbeat executor: renew interval is: 30
2022-07-23 17:17:12.385  INFO 1342 --- [restartedMain] c.n.discovery.InstanceInfoReplicator     : InstanceInfoReplicator onDemand update allowed rate per min is 4
2022-07-23 17:17:12.388  INFO 1342 --- [restartedMain] com.netflix.discovery.DiscoveryClient    : Discovery Client initialized at timestamp 1658589432388 with initial instances count: 1
2022-07-23 17:17:12.390  INFO 1342 --- [restartedMain] o.s.c.n.e.s.EurekaServiceRegistry        : Registering application SALARY-CALCULATOR with eureka with status UP
2022-07-23 17:17:12.391  INFO 1342 --- [restartedMain] com.netflix.discovery.DiscoveryClient    : Saw local status change event StatusChangeEvent [timestamp=1658589432391, current=UP, previous=STARTING]
2022-07-23 17:17:12.392  INFO 1342 --- [DiscoveryClient-InstanceInfoReplicator-0] com.netflix.discovery.DiscoveryClient    : DiscoveryClient_SALARY-CALCULATOR/giuseppes-mbp:salary-calculator:8096: registering service...
2022-07-23 17:17:12.416  INFO 1342 --- [restartedMain] o.s.b.w.embedded.tomcat.TomcatWebServer  : Tomcat started on port(s): 8096 (http) with context path ''
2022-07-23 17:17:12.417  INFO 1342 --- [restartedMain] .s.c.n.e.s.EurekaAutoServiceRegistration : Updating port to 8096
2022-07-23 17:17:12.422  INFO 1342 --- [restartedMain] o.s.a.r.c.CachingConnectionFactory       : Attempting to connect to: [192.168.99.105:5672]
2022-07-23 17:17:12.424  INFO 1342 --- [DiscoveryClient-InstanceInfoReplicator-0] com.netflix.discovery.DiscoveryClient    : DiscoveryClient_SALARY-CALCULATOR/giuseppes-mbp:salary-calculator:8096 - registration status: 204
2022-07-23 17:17:12.442  INFO 1342 --- [restartedMain] o.s.a.r.c.CachingConnectionFactory       : Created new connection: rabbitConnectionFactory#621942d4:0/SimpleConnection@2d81503 [delegate=amqp://guest@192.168.99.105:5672/, localPort= 59969]
2022-07-23 17:17:12.494  INFO 1342 --- [restartedMain] .SalaryCalculatorOrchestratorApplication : Started SalaryCalculatorOrchestratorApplication in 4.989 seconds (JVM running for 5.571)
2022-07-23 17:17:12.806  INFO 1342 --- [RMI TCP Connection(3)-192.168.100.158] o.a.c.c.C.[Tomcat].[localhost].[/]       : Initializing Spring DispatcherServlet 'dispatcherServlet'
2022-07-23 17:17:12.806  INFO 1342 --- [RMI TCP Connection(3)-192.168.100.158] o.s.web.servlet.DispatcherServlet        : Initializing Servlet 'dispatcherServlet'
2022-07-23 17:17:12.807  INFO 1342 --- [RMI TCP Connection(3)-192.168.100.158] o.s.web.servlet.DispatcherServlet        : Completed initialization in 1 ms
2022-07-23 17:17:49.887 ERROR 1342 --- [http-nio-8096-exec-1] o.a.c.c.C.[.[.[/].[dispatcherServlet]    : Servlet.service() for servlet [dispatcherServlet] in context with path [] threw exception [Request processing failed; nested exception is java.lang.IllegalArgumentException: Wrong job id] with root cause

java.lang.IllegalArgumentException: Wrong job id
	at com.acoustic.controller.SalaryCalculatorOrchestratorController.calculateSalary(SalaryCalculatorOrchestratorController.java:72) ~[main/:na]
	at com.acoustic.controller.SalaryCalculatorOrchestratorController$$FastClassBySpringCGLIB$$508de26.invoke(<generated>) ~[main/:na]
	at org.springframework.cglib.proxy.MethodProxy.invoke(MethodProxy.java:218) ~[spring-core-5.3.21.jar:5.3.21]
	at org.springframework.aop.framework.CglibAopProxy$CglibMethodInvocation.invokeJoinpoint(CglibAopProxy.java:793) ~[spring-aop-5.3.21.jar:5.3.21]
	at org.springframework.aop.framework.ReflectiveMethodInvocation.proceed(ReflectiveMethodInvocation.java:163) ~[spring-aop-5.3.21.jar:5.3.21]
	at org.springframework.aop.framework.CglibAopProxy$CglibMethodInvocation.proceed(CglibAopProxy.java:763) ~[spring-aop-5.3.21.jar:5.3.21]
	at org.springframework.validation.beanvalidation.MethodValidationInterceptor.invoke(MethodValidationInterceptor.java:123) ~[spring-context-5.3.21.jar:5.3.21]
	at org.springframework.aop.framework.ReflectiveMethodInvocation.proceed(ReflectiveMethodInvocation.java:186) ~[spring-aop-5.3.21.jar:5.3.21]
	at org.springframework.aop.framework.CglibAopProxy$CglibMethodInvocation.proceed(CglibAopProxy.java:763) ~[spring-aop-5.3.21.jar:5.3.21]
	at org.springframework.aop.framework.CglibAopProxy$DynamicAdvisedInterceptor.intercept(CglibAopProxy.java:708) ~[spring-aop-5.3.21.jar:5.3.21]
	at com.acoustic.controller.SalaryCalculatorOrchestratorController$$EnhancerBySpringCGLIB$$40fc66ad.calculateSalary(<generated>) ~[main/:na]
	at java.base/jdk.internal.reflect.NativeMethodAccessorImpl.invoke0(Native Method) ~[na:na]
	at java.base/jdk.internal.reflect.NativeMethodAccessorImpl.invoke(NativeMethodAccessorImpl.java:62) ~[na:na]
	at java.base/jdk.internal.reflect.DelegatingMethodAccessorImpl.invoke(DelegatingMethodAccessorImpl.java:43) ~[na:na]
	at java.base/java.lang.reflect.Method.invoke(Method.java:566) ~[na:na]
	at org.springframework.web.method.support.InvocableHandlerMethod.doInvoke(InvocableHandlerMethod.java:205) ~[spring-web-5.3.21.jar:5.3.21]
	at org.springframework.web.method.support.InvocableHandlerMethod.invokeForRequest(InvocableHandlerMethod.java:150) ~[spring-web-5.3.21.jar:5.3.21]
	at org.springframework.web.servlet.mvc.method.annotation.ServletInvocableHandlerMethod.invokeAndHandle(ServletInvocableHandlerMethod.java:117) ~[spring-webmvc-5.3.21.jar:5.3.21]
	at org.springframework.web.servlet.mvc.method.annotation.RequestMappingHandlerAdapter.invokeHandlerMethod(RequestMappingHandlerAdapter.java:895) ~[spring-webmvc-5.3.21.jar:5.3.21]
	at org.springframework.web.servlet.mvc.method.annotation.RequestMappingHandlerAdapter.handleInternal(RequestMappingHandlerAdapter.java:808) ~[spring-webmvc-5.3.21.jar:5.3.21]
	at org.springframework.web.servlet.mvc.method.AbstractHandlerMethodAdapter.handle(AbstractHandlerMethodAdapter.java:87) ~[spring-webmvc-5.3.21.jar:5.3.21]
	at org.springframework.web.servlet.DispatcherServlet.doDispatch(DispatcherServlet.java:1067) ~[spring-webmvc-5.3.21.jar:5.3.21]
	at org.springframework.web.servlet.DispatcherServlet.doService(DispatcherServlet.java:963) ~[spring-webmvc-5.3.21.jar:5.3.21]
	at org.springframework.web.servlet.FrameworkServlet.processRequest(FrameworkServlet.java:1006) ~[spring-webmvc-5.3.21.jar:5.3.21]
	at org.springframework.web.servlet.FrameworkServlet.doPost(FrameworkServlet.java:909) ~[spring-webmvc-5.3.21.jar:5.3.21]
	at javax.servlet.http.HttpServlet.service(HttpServlet.java:681) ~[tomcat-embed-core-9.0.64.jar:4.0.FR]
	at org.springframework.web.servlet.FrameworkServlet.service(FrameworkServlet.java:883) ~[spring-webmvc-5.3.21.jar:5.3.21]
	at javax.servlet.http.HttpServlet.service(HttpServlet.java:764) ~[tomcat-embed-core-9.0.64.jar:4.0.FR]
	at org.apache.catalina.core.ApplicationFilterChain.internalDoFilter(ApplicationFilterChain.java:227) ~[tomcat-embed-core-9.0.64.jar:9.0.64]
	at org.apache.catalina.core.ApplicationFilterChain.doFilter(ApplicationFilterChain.java:162) ~[tomcat-embed-core-9.0.64.jar:9.0.64]
	at org.apache.tomcat.websocket.server.WsFilter.doFilter(WsFilter.java:53) ~[tomcat-embed-websocket-9.0.64.jar:9.0.64]
	at org.apache.catalina.core.ApplicationFilterChain.internalDoFilter(ApplicationFilterChain.java:189) ~[tomcat-embed-core-9.0.64.jar:9.0.64]
	at org.apache.catalina.core.ApplicationFilterChain.doFilter(ApplicationFilterChain.java:162) ~[tomcat-embed-core-9.0.64.jar:9.0.64]
	at org.springframework.web.filter.RequestContextFilter.doFilterInternal(RequestContextFilter.java:100) ~[spring-web-5.3.21.jar:5.3.21]
	at org.springframework.web.filter.OncePerRequestFilter.doFilter(OncePerRequestFilter.java:117) ~[spring-web-5.3.21.jar:5.3.21]
	at org.apache.catalina.core.ApplicationFilterChain.internalDoFilter(ApplicationFilterChain.java:189) ~[tomcat-embed-core-9.0.64.jar:9.0.64]
	at org.apache.catalina.core.ApplicationFilterChain.doFilter(ApplicationFilterChain.java:162) ~[tomcat-embed-core-9.0.64.jar:9.0.64]
	at org.springframework.web.filter.FormContentFilter.doFilterInternal(FormContentFilter.java:93) ~[spring-web-5.3.21.jar:5.3.21]
	at org.springframework.web.filter.OncePerRequestFilter.doFilter(OncePerRequestFilter.java:117) ~[spring-web-5.3.21.jar:5.3.21]
	at org.apache.catalina.core.ApplicationFilterChain.internalDoFilter(ApplicationFilterChain.java:189) ~[tomcat-embed-core-9.0.64.jar:9.0.64]
	at org.apache.catalina.core.ApplicationFilterChain.doFilter(ApplicationFilterChain.java:162) ~[tomcat-embed-core-9.0.64.jar:9.0.64]
	at org.springframework.boot.actuate.metrics.web.servlet.WebMvcMetricsFilter.doFilterInternal(WebMvcMetricsFilter.java:96) ~[spring-boot-actuator-2.7.1.jar:2.7.1]
	at org.springframework.web.filter.OncePerRequestFilter.doFilter(OncePerRequestFilter.java:117) ~[spring-web-5.3.21.jar:5.3.21]
	at org.apache.catalina.core.ApplicationFilterChain.internalDoFilter(ApplicationFilterChain.java:189) ~[tomcat-embed-core-9.0.64.jar:9.0.64]
	at org.apache.catalina.core.ApplicationFilterChain.doFilter(ApplicationFilterChain.java:162) ~[tomcat-embed-core-9.0.64.jar:9.0.64]
	at org.springframework.web.filter.CharacterEncodingFilter.doFilterInternal(CharacterEncodingFilter.java:201) ~[spring-web-5.3.21.jar:5.3.21]
	at org.springframework.web.filter.OncePerRequestFilter.doFilter(OncePerRequestFilter.java:117) ~[spring-web-5.3.21.jar:5.3.21]
	at org.apache.catalina.core.ApplicationFilterChain.internalDoFilter(ApplicationFilterChain.java:189) ~[tomcat-embed-core-9.0.64.jar:9.0.64]
	at org.apache.catalina.core.ApplicationFilterChain.doFilter(ApplicationFilterChain.java:162) ~[tomcat-embed-core-9.0.64.jar:9.0.64]
	at org.apache.catalina.core.StandardWrapperValve.invoke(StandardWrapperValve.java:197) ~[tomcat-embed-core-9.0.64.jar:9.0.64]
	at org.apache.catalina.core.StandardContextValve.invoke(StandardContextValve.java:97) ~[tomcat-embed-core-9.0.64.jar:9.0.64]
	at org.apache.catalina.authenticator.AuthenticatorBase.invoke(AuthenticatorBase.java:541) ~[tomcat-embed-core-9.0.64.jar:9.0.64]
	at org.apache.catalina.core.StandardHostValve.invoke(StandardHostValve.java:135) ~[tomcat-embed-core-9.0.64.jar:9.0.64]
	at org.apache.catalina.valves.ErrorReportValve.invoke(ErrorReportValve.java:92) ~[tomcat-embed-core-9.0.64.jar:9.0.64]
	at org.apache.catalina.core.StandardEngineValve.invoke(StandardEngineValve.java:78) ~[tomcat-embed-core-9.0.64.jar:9.0.64]
	at org.apache.catalina.valves.RemoteIpValve.invoke(RemoteIpValve.java:769) ~[tomcat-embed-core-9.0.64.jar:9.0.64]
	at org.apache.catalina.connector.CoyoteAdapter.service(CoyoteAdapter.java:360) ~[tomcat-embed-core-9.0.64.jar:9.0.64]
	at org.apache.coyote.http11.Http11Processor.service(Http11Processor.java:399) ~[tomcat-embed-core-9.0.64.jar:9.0.64]
	at org.apache.coyote.AbstractProcessorLight.process(AbstractProcessorLight.java:65) ~[tomcat-embed-core-9.0.64.jar:9.0.64]
	at org.apache.coyote.AbstractProtocol$ConnectionHandler.process(AbstractProtocol.java:890) ~[tomcat-embed-core-9.0.64.jar:9.0.64]
	at org.apache.tomcat.util.net.NioEndpoint$SocketProcessor.doRun(NioEndpoint.java:1787) ~[tomcat-embed-core-9.0.64.jar:9.0.64]
	at org.apache.tomcat.util.net.SocketProcessorBase.run(SocketProcessorBase.java:49) ~[tomcat-embed-core-9.0.64.jar:9.0.64]
	at org.apache.tomcat.util.threads.ThreadPoolExecutor.runWorker(ThreadPoolExecutor.java:1191) ~[tomcat-embed-core-9.0.64.jar:9.0.64]
	at org.apache.tomcat.util.threads.ThreadPoolExecutor$Worker.run(ThreadPoolExecutor.java:659) ~[tomcat-embed-core-9.0.64.jar:9.0.64]
	at org.apache.tomcat.util.threads.TaskThread$WrappingRunnable.run(TaskThread.java:61) ~[tomcat-embed-core-9.0.64.jar:9.0.64]
	at java.base/java.lang.Thread.run(Thread.java:829) ~[na:na]

2022-07-23 17:19:42.421  INFO 1342 --- [DiscoveryClient-HeartbeatExecutor-0] com.netflix.discovery.DiscoveryClient    : DiscoveryClient_SALARY-CALCULATOR/giuseppes-mbp:salary-calculator:8096 - Re-registering apps/SALARY-CALCULATOR
2022-07-23 17:19:42.422  INFO 1342 --- [DiscoveryClient-HeartbeatExecutor-0] com.netflix.discovery.DiscoveryClient    : DiscoveryClient_SALARY-CALCULATOR/giuseppes-mbp:salary-calculator:8096: registering service...
2022-07-23 17:19:42.426  INFO 1342 --- [DiscoveryClient-HeartbeatExecutor-0] com.netflix.discovery.DiscoveryClient    : DiscoveryClient_SALARY-CALCULATOR/giuseppes-mbp:salary-calculator:8096 - registration status: 204
2022-07-23 17:21:42.453  INFO 1342 --- [DiscoveryClient-HeartbeatExecutor-0] com.netflix.discovery.DiscoveryClient    : DiscoveryClient_SALARY-CALCULATOR/giuseppes-mbp:salary-calculator:8096 - Re-registering apps/SALARY-CALCULATOR
2022-07-23 17:21:42.454  INFO 1342 --- [DiscoveryClient-HeartbeatExecutor-0] com.netflix.discovery.DiscoveryClient    : DiscoveryClient_SALARY-CALCULATOR/giuseppes-mbp:salary-calculator:8096: registering service...
2022-07-23 17:21:42.454  INFO 1342 --- [DiscoveryClient-InstanceInfoReplicator-0] com.netflix.discovery.DiscoveryClient    : DiscoveryClient_SALARY-CALCULATOR/giuseppes-mbp:salary-calculator:8096: registering service...
2022-07-23 17:21:42.457  INFO 1342 --- [DiscoveryClient-HeartbeatExecutor-0] com.netflix.discovery.DiscoveryClient    : DiscoveryClient_SALARY-CALCULATOR/giuseppes-mbp:salary-calculator:8096 - registration status: 204
2022-07-23 17:21:42.458  INFO 1342 --- [DiscoveryClient-InstanceInfoReplicator-0] com.netflix.discovery.DiscoveryClient    : DiscoveryClient_SALARY-CALCULATOR/giuseppes-mbp:salary-calculator:8096 - registration status: 204
2022-07-23 17:22:12.220  INFO 1342 --- [AsyncResolver-bootstrap-executor-0] c.n.d.s.r.aws.ConfigClusterResolver      : Resolving eureka endpoints via configuration
2022-07-23 17:27:12.230  INFO 1342 --- [AsyncResolver-bootstrap-executor-0] c.n.d.s.r.aws.ConfigClusterResolver      : Resolving eureka endpoints via configuration
2022-07-23 17:28:12.545  INFO 1342 --- [DiscoveryClient-HeartbeatExecutor-0] com.netflix.discovery.DiscoveryClient    : DiscoveryClient_SALARY-CALCULATOR/giuseppes-mbp:salary-calculator:8096 - Re-registering apps/SALARY-CALCULATOR
2022-07-23 17:28:12.547  INFO 1342 --- [DiscoveryClient-HeartbeatExecutor-0] com.netflix.discovery.DiscoveryClient    : DiscoveryClient_SALARY-CALCULATOR/giuseppes-mbp:salary-calculator:8096: registering service...
2022-07-23 17:28:12.549  INFO 1342 --- [DiscoveryClient-HeartbeatExecutor-0] com.netflix.discovery.DiscoveryClient    : DiscoveryClient_SALARY-CALCULATOR/giuseppes-mbp:salary-calculator:8096 - registration status: 204
2022-07-23 17:30:42.555  INFO 1342 --- [DiscoveryClient-HeartbeatExecutor-0] com.netflix.discovery.DiscoveryClient    : DiscoveryClient_SALARY-CALCULATOR/giuseppes-mbp:salary-calculator:8096 - Re-registering apps/SALARY-CALCULATOR
2022-07-23 17:30:42.556  INFO 1342 --- [DiscoveryClient-HeartbeatExecutor-0] com.netflix.discovery.DiscoveryClient    : DiscoveryClient_SALARY-CALCULATOR/giuseppes-mbp:salary-calculator:8096: registering service...
2022-07-23 17:30:42.559  INFO 1342 --- [DiscoveryClient-HeartbeatExecutor-0] com.netflix.discovery.DiscoveryClient    : DiscoveryClient_SALARY-CALCULATOR/giuseppes-mbp:salary-calculator:8096 - registration status: 204
2022-07-23 17:31:12.563  INFO 1342 --- [DiscoveryClient-HeartbeatExecutor-0] com.netflix.discovery.DiscoveryClient    : DiscoveryClient_SALARY-CALCULATOR/giuseppes-mbp:salary-calculator:8096 - Re-registering apps/SALARY-CALCULATOR
2022-07-23 17:31:12.563  INFO 1342 --- [DiscoveryClient-HeartbeatExecutor-0] com.netflix.discovery.DiscoveryClient    : DiscoveryClient_SALARY-CALCULATOR/giuseppes-mbp:salary-calculator:8096: registering service...
2022-07-23 17:31:12.565  INFO 1342 --- [DiscoveryClient-HeartbeatExecutor-0] com.netflix.discovery.DiscoveryClient    : DiscoveryClient_SALARY-CALCULATOR/giuseppes-mbp:salary-calculator:8096 - registration status: 204
2022-07-23 17:31:42.570  INFO 1342 --- [DiscoveryClient-HeartbeatExecutor-0] com.netflix.discovery.DiscoveryClient    : DiscoveryClient_SALARY-CALCULATOR/giuseppes-mbp:salary-calculator:8096 - Re-registering apps/SALARY-CALCULATOR
2022-07-23 17:31:42.570  INFO 1342 --- [DiscoveryClient-HeartbeatExecutor-0] com.netflix.discovery.DiscoveryClient    : DiscoveryClient_SALARY-CALCULATOR/giuseppes-mbp:salary-calculator:8096: registering service...
2022-07-23 17:31:42.572  INFO 1342 --- [DiscoveryClient-HeartbeatExecutor-0] com.netflix.discovery.DiscoveryClient    : DiscoveryClient_SALARY-CALCULATOR/giuseppes-mbp:salary-calculator:8096 - registration status: 204
2022-07-23 17:32:12.221  INFO 1342 --- [AsyncResolver-bootstrap-executor-0] c.n.d.s.r.aws.ConfigClusterResolver      : Resolving eureka endpoints via configuration
2022-07-23 17:32:12.577  INFO 1342 --- [DiscoveryClient-HeartbeatExecutor-0] com.netflix.discovery.DiscoveryClient    : DiscoveryClient_SALARY-CALCULATOR/giuseppes-mbp:salary-calculator:8096 - Re-registering apps/SALARY-CALCULATOR
2022-07-23 17:32:12.577  INFO 1342 --- [DiscoveryClient-HeartbeatExecutor-0] com.netflix.discovery.DiscoveryClient    : DiscoveryClient_SALARY-CALCULATOR/giuseppes-mbp:salary-calculator:8096: registering service...
2022-07-23 17:32:12.579  INFO 1342 --- [DiscoveryClient-HeartbeatExecutor-0] com.netflix.discovery.DiscoveryClient    : DiscoveryClient_SALARY-CALCULATOR/giuseppes-mbp:salary-calculator:8096 - registration status: 204
2022-07-23 17:32:42.583  INFO 1342 --- [DiscoveryClient-HeartbeatExecutor-0] com.netflix.discovery.DiscoveryClient    : DiscoveryClient_SALARY-CALCULATOR/giuseppes-mbp:salary-calculator:8096 - Re-registering apps/SALARY-CALCULATOR
2022-07-23 17:32:42.584  INFO 1342 --- [DiscoveryClient-HeartbeatExecutor-0] com.netflix.discovery.DiscoveryClient    : DiscoveryClient_SALARY-CALCULATOR/giuseppes-mbp:salary-calculator:8096: registering service...
2022-07-23 17:32:42.586  INFO 1342 --- [DiscoveryClient-HeartbeatExecutor-0] com.netflix.discovery.DiscoveryClient    : DiscoveryClient_SALARY-CALCULATOR/giuseppes-mbp:salary-calculator:8096 - registration status: 204
2022-07-23 17:33:42.596  INFO 1342 --- [DiscoveryClient-HeartbeatExecutor-0] com.netflix.discovery.DiscoveryClient    : DiscoveryClient_SALARY-CALCULATOR/giuseppes-mbp:salary-calculator:8096 - Re-registering apps/SALARY-CALCULATOR
2022-07-23 17:33:42.596  INFO 1342 --- [DiscoveryClient-HeartbeatExecutor-0] com.netflix.discovery.DiscoveryClient    : DiscoveryClient_SALARY-CALCULATOR/giuseppes-mbp:salary-calculator:8096: registering service...
2022-07-23 17:33:42.598  INFO 1342 --- [DiscoveryClient-HeartbeatExecutor-0] com.netflix.discovery.DiscoveryClient    : DiscoveryClient_SALARY-CALCULATOR/giuseppes-mbp:salary-calculator:8096 - registration status: 204
2022-07-23 17:35:42.623  INFO 1342 --- [DiscoveryClient-HeartbeatExecutor-0] com.netflix.discovery.DiscoveryClient    : DiscoveryClient_SALARY-CALCULATOR/giuseppes-mbp:salary-calculator:8096 - Re-registering apps/SALARY-CALCULATOR
2022-07-23 17:35:42.624  INFO 1342 --- [DiscoveryClient-HeartbeatExecutor-0] com.netflix.discovery.DiscoveryClient    : DiscoveryClient_SALARY-CALCULATOR/giuseppes-mbp:salary-calculator:8096: registering service...
2022-07-23 17:35:42.626  INFO 1342 --- [DiscoveryClient-HeartbeatExecutor-0] com.netflix.discovery.DiscoveryClient    : DiscoveryClient_SALARY-CALCULATOR/giuseppes-mbp:salary-calculator:8096 - registration status: 204
2022-07-23 17:36:12.632  INFO 1342 --- [DiscoveryClient-HeartbeatExecutor-0] com.netflix.discovery.DiscoveryClient    : DiscoveryClient_SALARY-CALCULATOR/giuseppes-mbp:salary-calculator:8096 - Re-registering apps/SALARY-CALCULATOR
2022-07-23 17:36:12.632  INFO 1342 --- [DiscoveryClient-HeartbeatExecutor-0] com.netflix.discovery.DiscoveryClient    : DiscoveryClient_SALARY-CALCULATOR/giuseppes-mbp:salary-calculator:8096: registering service...
2022-07-23 17:36:12.635  INFO 1342 --- [DiscoveryClient-HeartbeatExecutor-0] com.netflix.discovery.DiscoveryClient    : DiscoveryClient_SALARY-CALCULATOR/giuseppes-mbp:salary-calculator:8096 - registration status: 204
2022-07-23 17:36:42.640  INFO 1342 --- [DiscoveryClient-HeartbeatExecutor-0] com.netflix.discovery.DiscoveryClient    : DiscoveryClient_SALARY-CALCULATOR/giuseppes-mbp:salary-calculator:8096 - Re-registering apps/SALARY-CALCULATOR
2022-07-23 17:36:42.641  INFO 1342 --- [DiscoveryClient-HeartbeatExecutor-0] com.netflix.discovery.DiscoveryClient    : DiscoveryClient_SALARY-CALCULATOR/giuseppes-mbp:salary-calculator:8096: registering service...
2022-07-23 17:36:42.643  INFO 1342 --- [DiscoveryClient-HeartbeatExecutor-0] com.netflix.discovery.DiscoveryClient    : DiscoveryClient_SALARY-CALCULATOR/giuseppes-mbp:salary-calculator:8096 - registration status: 204
2022-07-23 17:37:12.233  INFO 1342 --- [AsyncResolver-bootstrap-executor-0] c.n.d.s.r.aws.ConfigClusterResolver      : Resolving eureka endpoints via configuration
2022-07-23 17:37:12.647  INFO 1342 --- [DiscoveryClient-HeartbeatExecutor-0] com.netflix.discovery.DiscoveryClient    : DiscoveryClient_SALARY-CALCULATOR/giuseppes-mbp:salary-calculator:8096 - Re-registering apps/SALARY-CALCULATOR
2022-07-23 17:37:12.648  INFO 1342 --- [DiscoveryClient-HeartbeatExecutor-0] com.netflix.discovery.DiscoveryClient    : DiscoveryClient_SALARY-CALCULATOR/giuseppes-mbp:salary-calculator:8096: registering service...
2022-07-23 17:37:12.650  INFO 1342 --- [DiscoveryClient-HeartbeatExecutor-0] com.netflix.discovery.DiscoveryClient    : DiscoveryClient_SALARY-CALCULATOR/giuseppes-mbp:salary-calculator:8096 - registration status: 204
2022-07-23 17:40:42.686  INFO 1342 --- [DiscoveryClient-HeartbeatExecutor-0] com.netflix.discovery.DiscoveryClient    : DiscoveryClient_SALARY-CALCULATOR/giuseppes-mbp:salary-calculator:8096 - Re-registering apps/SALARY-CALCULATOR
2022-07-23 17:40:42.687  INFO 1342 --- [DiscoveryClient-HeartbeatExecutor-0] com.netflix.discovery.DiscoveryClient    : DiscoveryClient_SALARY-CALCULATOR/giuseppes-mbp:salary-calculator:8096: registering service...
2022-07-23 17:40:42.693  INFO 1342 --- [DiscoveryClient-HeartbeatExecutor-0] com.netflix.discovery.DiscoveryClient    : DiscoveryClient_SALARY-CALCULATOR/giuseppes-mbp:salary-calculator:8096 - registration status: 204
